Determining if the pthread_create exist failed with the following output:
Change Dir: /home/antonio/ROS/mybot_ws/build/CMakeFiles/CMakeTmp

Run Build Command:"/usr/bin/make" "cmTC_ce9cb/fast"
/usr/bin/make -f CMakeFiles/cmTC_ce9cb.dir/build.make CMakeFiles/cmTC_ce9cb.dir/build
make[1]: Entering directory '/home/antonio/ROS/mybot_ws/build/CMakeFiles/CMakeTmp'
Building C object CMakeFiles/cmTC_ce9cb.dir/CheckSymbolExists.c.o
/usr/bin/cc     -o CMakeFiles/cmTC_ce9cb.dir/CheckSymbolExists.c.o   -c /home/antonio/ROS/mybot_ws/build/CMakeFiles/CMakeTmp/CheckSymbolExists.c
Linking C executable cmTC_ce9cb
/usr/bin/cmake -E cmake_link_script CMakeFiles/cmTC_ce9cb.dir/link.txt --verbose=1
/usr/bin/cc       CMakeFiles/cmTC_ce9cb.dir/CheckSymbolExists.c.o  -o cmTC_ce9cb -rdynamic 
CMakeFiles/cmTC_ce9cb.dir/CheckSymbolExists.c.o: In function `main':
CheckSymbolExists.c:(.text+0x16): undefined reference to `pthread_create'
collect2: error: ld returned 1 exit status
CMakeFiles/cmTC_ce9cb.dir/build.make:97: recipe for target 'cmTC_ce9cb' failed
make[1]: *** [cmTC_ce9cb] Error 1
make[1]: Leaving directory '/home/antonio/ROS/mybot_ws/build/CMakeFiles/CMakeTmp'
Makefile:126: recipe for target 'cmTC_ce9cb/fast' failed
make: *** [cmTC_ce9cb/fast] Error 2

File /home/antonio/ROS/mybot_ws/build/CMakeFiles/CMakeTmp/CheckSymbolExists.c:
/* */
#include <pthread.h>

int main(int argc, char** argv)
{
  (void)argv;
#ifndef pthread_create
  return ((int*)(&pthread_create))[argc];
#else
  (void)argc;
  return 0;
#endif
}

Determining if the function pthread_create exists in the pthreads failed with the following output:
Change Dir: /home/antonio/ROS/mybot_ws/build/CMakeFiles/CMakeTmp

Run Build Command:"/usr/bin/make" "cmTC_32063/fast"
/usr/bin/make -f CMakeFiles/cmTC_32063.dir/build.make CMakeFiles/cmTC_32063.dir/build
make[1]: Entering directory '/home/antonio/ROS/mybot_ws/build/CMakeFiles/CMakeTmp'
Building C object CMakeFiles/cmTC_32063.dir/CheckFunctionExists.c.o
/usr/bin/cc    -DCHECK_FUNCTION_EXISTS=pthread_create   -o CMakeFiles/cmTC_32063.dir/CheckFunctionExists.c.o   -c /usr/share/cmake-3.5/Modules/CheckFunctionExists.c
Linking C executable cmTC_32063
/usr/bin/cmake -E cmake_link_script CMakeFiles/cmTC_32063.dir/link.txt --verbose=1
/usr/bin/cc   -DCHECK_FUNCTION_EXISTS=pthread_create    CMakeFiles/cmTC_32063.dir/CheckFunctionExists.c.o  -o cmTC_32063 -rdynamic -lpthreads 
/usr/bin/ld: cannot find -lpthreads
collect2: error: ld returned 1 exit status
CMakeFiles/cmTC_32063.dir/build.make:97: recipe for target 'cmTC_32063' failed
make[1]: *** [cmTC_32063] Error 1
make[1]: Leaving directory '/home/antonio/ROS/mybot_ws/build/CMakeFiles/CMakeTmp'
Makefile:126: recipe for target 'cmTC_32063/fast' failed
make: *** [cmTC_32063/fast] Error 2


